<?xml version="1.0" encoding="UTF-8"?>
<!-- Generated by org.testng.reporters.JUnitXMLReporter -->
<testsuite ignored="0" hostname="AYANOKOJI" failures="0" tests="4" name="Test" time="0.069" errors="0" timestamp="2023-08-07T12:01:30 IST">
  <testcase classname="practicepackage.AnnotationTest" name="customer" time="0.011"/>
  <testcase classname="practicepackage.AnnotationTest" name="employee" time="0.001"/>
  <testcase classname="practicepackage.AnnotationsTest" name="customer" time="0.001"/>
  <testcase classname="practicepackage.AnnotationsTest" name="employee" time="0.002"/>
</testsuite> <!-- Test -->
