<?xml version="1.0" encoding="UTF-8"?>
<!-- Generated by org.testng.reporters.JUnitXMLReporter -->
<testsuite ignored="0" hostname="AYANOKOJI" failures="0" tests="3" name="TestRunner-3" time="13.748" errors="0" timestamp="2023-08-08T10:35:26 IST">
  <testcase classname="practicepackage.EmployeeTestNGTest" name="createEmployee" time="0.002"/>
  <testcase classname="practicepackage.EmployeeTestNGTest" name="deleteEmployee" time="0.001"/>
  <testcase classname="practicepackage.EmployeeTestNGTest" name="modifyEmployee" time="0.001"/>
</testsuite> <!-- TestRunner-3 -->
