<?xml version="1.0" encoding="UTF-8"?>
<!-- Generated by org.testng.reporters.JUnitXMLReporter -->
<testsuite ignored="0" hostname="AYANOKOJI" failures="1" tests="1" name="Test" time="16.417" errors="0" timestamp="2023-08-10T13:36:32 IST">
  <testcase classname="customer.CustomerFromPOSPageTestNGTest" name="addCustomerFromPOS" time="7.808">
    <failure type="java.lang.AssertionError" message="null">
      <![CDATA[java.lang.AssertionError: null
at customer.CustomerFromPOSPageTestNGTest.addCustomerFromPOS(CustomerFromPOSPageTestNGTest.java:47)
at java.base/java.util.ArrayList.forEach(ArrayList.java:1511)
at java.base/java.util.concurrent.FutureTask.run(FutureTask.java:264)
at java.base/java.util.concurrent.ThreadPoolExecutor.runWorker(ThreadPoolExecutor.java:1136)
at java.base/java.util.concurrent.ThreadPoolExecutor$Worker.run(ThreadPoolExecutor.java:635)
at java.base/java.lang.Thread.run(Thread.java:833)
... Removed 18 stack frames]]>
    </failure>
  </testcase> <!-- addCustomerFromPOS -->
</testsuite> <!-- Test -->
